0 info it worked if it ends with ok
1 verbose cli [ '/usr/bin/nodejs',
1 verbose cli   '/usr/lib/nodejs/npm/bin/npm-cli.js',
1 verbose cli   'run',
1 verbose cli   'start' ]
2 info using npm@3.5.2
3 info using node@v4.2.6
4 verbose run-script [ 'prestart', 'start', 'poststart' ]
5 info lifecycle bloc-frontend-project-starter@0.0.2~prestart: bloc-frontend-project-starter@0.0.2
6 silly lifecycle bloc-frontend-project-starter@0.0.2~prestart: no script for prestart, continuing
7 info lifecycle bloc-frontend-project-starter@0.0.2~start: bloc-frontend-project-starter@0.0.2
8 verbose lifecycle bloc-frontend-project-starter@0.0.2~start: unsafe-perm in lifecycle true
9 verbose lifecycle bloc-frontend-project-starter@0.0.2~start: PATH: /usr/share/npm/bin/node-gyp-bin:/home/sguerrero/WebstormProjects/bloc-jams-angular/node_modules/.bin:/home/sguerrero/bin:/home/sguerrero/.local/bin:/usr/local/sbin:/usr/local/bin:/usr/sbin:/usr/bin:/sbin:/bin:/usr/games:/usr/local/games:/snap/bin:/usr/local/java/jdk1.8.0_92/jre/bin:/usr/local/java/jdk1.8.0_92/bin:/home/sguerrero/.rvm/bin
10 verbose lifecycle bloc-frontend-project-starter@0.0.2~start: CWD: /home/sguerrero/WebstormProjects/bloc-jams-angular
11 silly lifecycle bloc-frontend-project-starter@0.0.2~start: Args: [ '-c', 'node server.js' ]
12 info lifecycle bloc-frontend-project-starter@0.0.2~start: Failed to exec start script
13 verbose stack Error: bloc-frontend-project-starter@0.0.2 start: `node server.js`
13 verbose stack spawn ENOENT
13 verbose stack     at ChildProcess.<anonymous> (/usr/share/npm/lib/utils/spawn.js:17:16)
13 verbose stack     at emitTwo (events.js:87:13)
13 verbose stack     at ChildProcess.emit (events.js:172:7)
13 verbose stack     at maybeClose (internal/child_process.js:821:16)
13 verbose stack     at Process.ChildProcess._handle.onexit (internal/child_process.js:211:5)
14 verbose pkgid bloc-frontend-project-starter@0.0.2
15 verbose cwd /home/sguerrero/WebstormProjects/bloc-jams-angular
16 error Linux 4.4.0-59-generic
17 error argv "/usr/bin/nodejs" "/usr/lib/nodejs/npm/bin/npm-cli.js" "run" "start"
18 error node v4.2.6
19 error npm  v3.5.2
20 error file sh
21 error code ELIFECYCLE
22 error errno ENOENT
23 error syscall spawn
24 error bloc-frontend-project-starter@0.0.2 start: `node server.js`
24 error spawn ENOENT
25 error Failed at the bloc-frontend-project-starter@0.0.2 start script 'node server.js'.
25 error Make sure you have the latest version of node.js and npm installed.
25 error If you do, this is most likely a problem with the bloc-frontend-project-starter package,
25 error not with npm itself.
25 error Tell the author that this fails on your system:
25 error     node server.js
25 error You can get information on how to open an issue for this project with:
25 error     npm bugs bloc-frontend-project-starter
25 error Or if that isn't available, you can get their info via:
25 error     npm owner ls bloc-frontend-project-starter
25 error There is likely additional logging output above.
26 verbose exit [ 1, true ]
